{"/Users/Joey/Documents/School/Full Sail/Deployment of Web Applications/url_shortener/src/models/db.js":{"path":"/Users/Joey/Documents/School/Full Sail/Deployment of Web Applications/url_shortener/src/models/db.js","s":{"1":1,"2":1,"3":1,"4":1,"5":1,"6":1,"7":1,"8":1,"9":1,"10":1,"11":1,"12":1},"b":{},"f":{},"fnMap":{},"statementMap":{"1":{"start":{"line":5,"column":0},"end":{"line":5,"column":39}},"2":{"start":{"line":6,"column":0},"end":{"line":6,"column":31}},"3":{"start":{"line":7,"column":0},"end":{"line":7,"column":39}},"4":{"start":{"line":9,"column":0},"end":{"line":9,"column":27}},"5":{"start":{"line":11,"column":0},"end":{"line":11,"column":32}},"6":{"start":{"line":14,"column":0},"end":{"line":27,"column":3}},"7":{"start":{"line":30,"column":0},"end":{"line":30,"column":25}},"8":{"start":{"line":31,"column":0},"end":{"line":31,"column":76}},"9":{"start":{"line":34,"column":0},"end":{"line":41,"column":3}},"10":{"start":{"line":43,"column":0},"end":{"line":43,"column":17}},"11":{"start":{"line":46,"column":0},"end":{"line":46,"column":30}},"12":{"start":{"line":47,"column":0},"end":{"line":47,"column":18}}},"branchMap":{}},"/Users/Joey/Documents/School/Full Sail/Deployment of Web Applications/url_shortener/src/lib/util.js":{"path":"/Users/Joey/Documents/School/Full Sail/Deployment of Web Applications/url_shortener/src/lib/util.js","s":{"1":1,"2":1,"3":1,"4":1,"5":1,"6":1,"7":1,"8":0,"9":0,"10":1,"11":0,"12":0,"13":0,"14":0,"15":0,"16":1},"b":{"1":[0,1],"2":[0,0],"3":[0,0]},"f":{"1":1},"fnMap":{"1":{"name":"logger","line":11,"loc":{"start":{"line":11,"column":0},"end":{"line":11,"column":22}}}},"statementMap":{"1":{"start":{"line":2,"column":0},"end":{"line":2,"column":31}},"2":{"start":{"line":3,"column":0},"end":{"line":3,"column":25}},"3":{"start":{"line":4,"column":0},"end":{"line":4,"column":39}},"4":{"start":{"line":7,"column":0},"end":{"line":7,"column":26}},"5":{"start":{"line":8,"column":0},"end":{"line":8,"column":27}},"6":{"start":{"line":11,"column":0},"end":{"line":18,"column":1}},"7":{"start":{"line":12,"column":2},"end":{"line":17,"column":3}},"8":{"start":{"line":13,"column":4},"end":{"line":13,"column":34}},"9":{"start":{"line":14,"column":4},"end":{"line":16,"column":7}},"10":{"start":{"line":20,"column":0},"end":{"line":28,"column":2}},"11":{"start":{"line":21,"column":2},"end":{"line":21,"column":23}},"12":{"start":{"line":22,"column":2},"end":{"line":24,"column":3}},"13":{"start":{"line":23,"column":4},"end":{"line":23,"column":16}},"14":{"start":{"line":25,"column":2},"end":{"line":27,"column":3}},"15":{"start":{"line":26,"column":4},"end":{"line":26,"column":43}},"16":{"start":{"line":30,"column":0},"end":{"line":30,"column":24}}},"branchMap":{"1":{"line":12,"type":"if","locations":[{"start":{"line":12,"column":2},"end":{"line":12,"column":2}},{"start":{"line":12,"column":2},"end":{"line":12,"column":2}}]},"2":{"line":22,"type":"if","locations":[{"start":{"line":22,"column":2},"end":{"line":22,"column":2}},{"start":{"line":22,"column":2},"end":{"line":22,"column":2}}]},"3":{"line":25,"type":"if","locations":[{"start":{"line":25,"column":2},"end":{"line":25,"column":2}},{"start":{"line":25,"column":2},"end":{"line":25,"column":2}}]}}}}