TN:
SF:/Users/Joey/Documents/School/Full Sail/Deployment of Web Applications/url_shortener/src/models/db.js
FNF:0
FNH:0
DA:5,1
DA:6,1
DA:7,1
DA:9,1
DA:11,1
DA:14,1
DA:30,1
DA:31,1
DA:34,1
DA:43,1
DA:46,1
DA:47,1
LF:12
LH:12
BRF:0
BRH:0
end_of_record
TN:
SF:/Users/Joey/Documents/School/Full Sail/Deployment of Web Applications/url_shortener/src/lib/util.js
FN:11,logger
FNF:1
FNH:1
FNDA:1,logger
DA:2,1
DA:3,1
DA:4,1
DA:7,1
DA:8,1
DA:11,1
DA:12,1
DA:13,0
DA:14,0
DA:20,1
DA:21,0
DA:22,0
DA:23,0
DA:25,0
DA:26,0
DA:30,1
LF:16
LH:9
BRDA:12,1,0,0
BRDA:12,1,1,1
BRDA:22,2,0,0
BRDA:22,2,1,0
BRDA:25,3,0,0
BRDA:25,3,1,0
BRF:6
BRH:1
end_of_record
